CRITICAL - 2022-08-08 00:53:09 --> syntax error, unexpected end of file, expecting elseif (T_ELSEIF) or else (T_ELSE) or endif (T_ENDIF)
in APPPATH\Views\template\sidebar.php on line 44.
 1 SYSTEMPATH\View\View.php(216): CodeIgniter\View\View->CodeIgniter\View\{closure}()
 2 SYSTEMPATH\View\View.php(429): CodeIgniter\View\View->render('template/sidebar', null, true)
 3 APPPATH\Views\template\index.php(43): CodeIgniter\View\View->include('template/sidebar')
 4 SYSTEMPATH\View\View.php(213): include('APPPATH\\Views\\template\\index.php')
 5 SYSTEMPATH\View\View.php(216): CodeIgniter\View\View->CodeIgniter\View\{closure}()
 6 SYSTEMPATH\View\View.php(229): CodeIgniter\View\View->render('template/index', [], true)
 7 SYSTEMPATH\Common.php(1135): CodeIgniter\View\View->render('dashboard/index', [], true)
 8 APPPATH\Controllers\Dashboard.php(29): view('dashboard/index', [...])
 9 SYSTEMPATH\CodeIgniter.php(896): App\Controllers\Dashboard->index()
10 SYSTEMPATH\CodeIgniter.php(466): CodeIgniter\CodeIgniter->runController(Object(App\Controllers\Dashboard))
11 SYSTEMPATH\CodeIgniter.php(349): CodeIgniter\CodeIgniter->handleRequest(null, Object(Config\Cache), false)
12 FCPATH\index.php(55): CodeIgniter\CodeIgniter->run()
13 SYSTEMPATH\Commands\Server\rewrite.php(43): require_once('FCPATH\\index.php')
CRITICAL - 2022-08-08 04:37:13 --> filterKasiPelayanan filter must have a matching alias defined.
in SYSTEMPATH\Filters\Filters.php on line 493.
 1 SYSTEMPATH\Filters\Filters.php(493): CodeIgniter\Filters\Exceptions\FilterException::forNoAlias('filterKasiPelayanan')
 2 SYSTEMPATH\Filters\Filters.php(243): CodeIgniter\Filters\Filters->processAliasesToClass('before')
 3 SYSTEMPATH\Filters\Filters.php(163): CodeIgniter\Filters\Filters->initialize('dashboard')
 4 SYSTEMPATH\CodeIgniter.php(440): CodeIgniter\Filters\Filters->run('dashboard', 'before')
 5 SYSTEMPATH\CodeIgniter.php(349): CodeIgniter\CodeIgniter->handleRequest(null, Object(Config\Cache), false)
 6 FCPATH\index.php(55): CodeIgniter\CodeIgniter->run()
 7 SYSTEMPATH\Commands\Server\rewrite.php(43): require_once('FCPATH\\index.php')
CRITICAL - 2022-08-08 07:01:49 --> Undefined property: App\Controllers\Rt::$db
in APPPATH\Controllers\Rt.php on line 11.
 1 APPPATH\Controllers\Rt.php(11): CodeIgniter\Debug\Exceptions->errorHandler(8, 'Undefined property: App\\Controllers\\Rt::$db', 'APPPATH\\Controllers\\Rt.php', 11, [])
 2 SYSTEMPATH\CodeIgniter.php(896): App\Controllers\Rt->index()
 3 SYSTEMPATH\CodeIgniter.php(466): CodeIgniter\CodeIgniter->runController(Object(App\Controllers\Rt))
 4 SYSTEMPATH\CodeIgniter.php(349): CodeIgniter\CodeIgniter->handleRequest(null, Object(Config\Cache), false)
 5 FCPATH\index.php(55): CodeIgniter\CodeIgniter->run()
 6 SYSTEMPATH\Commands\Server\rewrite.php(43): require_once('FCPATH\\index.php')
CRITICAL - 2022-08-08 07:20:26 --> Trying to get property 'nama_rt' of non-object
in APPPATH\Views\Rt\index.php on line 41.
 1 APPPATH\Views\Rt\index.php(41): CodeIgniter\Debug\Exceptions->errorHandler(8, 'Trying to get property \'nama_rt\' of non-object', 'APPPATH\\Views\\Rt\\index.php', 41, [...])
 2 SYSTEMPATH\View\View.php(213): include('APPPATH\\Views\\Rt\\index.php')
 3 SYSTEMPATH\View\View.php(216): CodeIgniter\View\View->CodeIgniter\View\{closure}()
 4 SYSTEMPATH\Common.php(1135): CodeIgniter\View\View->render('Rt/index', [], true)
 5 APPPATH\Controllers\Rt.php(36): view('Rt/index', [...])
 6 SYSTEMPATH\CodeIgniter.php(896): App\Controllers\Rt->index()
 7 SYSTEMPATH\CodeIgniter.php(466): CodeIgniter\CodeIgniter->runController(Object(App\Controllers\Rt))
 8 SYSTEMPATH\CodeIgniter.php(349): CodeIgniter\CodeIgniter->handleRequest(null, Object(Config\Cache), false)
 9 FCPATH\index.php(55): CodeIgniter\CodeIgniter->run()
10 SYSTEMPATH\Commands\Server\rewrite.php(43): require_once('FCPATH\\index.php')
CRITICAL - 2022-08-08 07:21:29 --> Trying to get property 'no_rt' of non-object
in APPPATH\Views\Rt\index.php on line 45.
 1 APPPATH\Views\Rt\index.php(45): CodeIgniter\Debug\Exceptions->errorHandler(8, 'Trying to get property \'no_rt\' of non-object', 'APPPATH\\Views\\Rt\\index.php', 45, [...])
 2 SYSTEMPATH\View\View.php(213): include('APPPATH\\Views\\Rt\\index.php')
 3 SYSTEMPATH\View\View.php(216): CodeIgniter\View\View->CodeIgniter\View\{closure}()
 4 SYSTEMPATH\Common.php(1135): CodeIgniter\View\View->render('Rt/index', [], true)
 5 APPPATH\Controllers\Rt.php(36): view('Rt/index', [...])
 6 SYSTEMPATH\CodeIgniter.php(896): App\Controllers\Rt->index()
 7 SYSTEMPATH\CodeIgniter.php(466): CodeIgniter\CodeIgniter->runController(Object(App\Controllers\Rt))
 8 SYSTEMPATH\CodeIgniter.php(349): CodeIgniter\CodeIgniter->handleRequest(null, Object(Config\Cache), false)
 9 FCPATH\index.php(55): CodeIgniter\CodeIgniter->run()
10 SYSTEMPATH\Commands\Server\rewrite.php(43): require_once('FCPATH\\index.php')
