CRITICAL - 2022-08-06 07:51:19 --> Call to undefined function form_open()
in APPPATH\Views\login\index.php on line 48.
 1 SYSTEMPATH\View\View.php(213): include()
 2 SYSTEMPATH\View\View.php(216): CodeIgniter\View\View->CodeIgniter\View\{closure}()
 3 SYSTEMPATH\Common.php(1135): CodeIgniter\View\View->render('login/index', [], true)
 4 APPPATH\Controllers\Login.php(15): view('login/index', [...])
 5 SYSTEMPATH\CodeIgniter.php(896): App\Controllers\Login->index()
 6 SYSTEMPATH\CodeIgniter.php(466): CodeIgniter\CodeIgniter->runController(Object(App\Controllers\Login))
 7 SYSTEMPATH\CodeIgniter.php(349): CodeIgniter\CodeIgniter->handleRequest(null, Object(Config\Cache), false)
 8 FCPATH\index.php(55): CodeIgniter\CodeIgniter->run()
 9 SYSTEMPATH\Commands\Server\rewrite.php(43): require_once('FCPATH\\index.php')
CRITICAL - 2022-08-06 07:52:32 --> Call to undefined function form_open()
in APPPATH\Views\login\index.php on line 48.
 1 SYSTEMPATH\View\View.php(213): include()
 2 SYSTEMPATH\View\View.php(216): CodeIgniter\View\View->CodeIgniter\View\{closure}()
 3 SYSTEMPATH\Common.php(1135): CodeIgniter\View\View->render('login/index', [], true)
 4 APPPATH\Controllers\Login.php(15): view('login/index', [...])
 5 SYSTEMPATH\CodeIgniter.php(896): App\Controllers\Login->index()
 6 SYSTEMPATH\CodeIgniter.php(466): CodeIgniter\CodeIgniter->runController(Object(App\Controllers\Login))
 7 SYSTEMPATH\CodeIgniter.php(349): CodeIgniter\CodeIgniter->handleRequest(null, Object(Config\Cache), false)
 8 FCPATH\index.php(55): CodeIgniter\CodeIgniter->run()
 9 SYSTEMPATH\Commands\Server\rewrite.php(43): require_once('FCPATH\\index.php')
CRITICAL - 2022-08-06 08:27:51 --> Undefined variable: validation
in APPPATH\Views\login\index.php on line 53.
 1 APPPATH\Views\login\index.php(53): CodeIgniter\Debug\Exceptions->errorHandler(8, 'Undefined variable: validation', 'APPPATH\\Views\\login\\index.php', 53, [...])
 2 SYSTEMPATH\View\View.php(213): include('APPPATH\\Views\\login\\index.php')
 3 SYSTEMPATH\View\View.php(216): CodeIgniter\View\View->CodeIgniter\View\{closure}()
 4 SYSTEMPATH\Common.php(1135): CodeIgniter\View\View->render('login/index', [], true)
 5 APPPATH\Controllers\Login.php(15): view('login/index', [...])
 6 SYSTEMPATH\CodeIgniter.php(896): App\Controllers\Login->index()
 7 SYSTEMPATH\CodeIgniter.php(466): CodeIgniter\CodeIgniter->runController(Object(App\Controllers\Login))
 8 SYSTEMPATH\CodeIgniter.php(349): CodeIgniter\CodeIgniter->handleRequest(null, Object(Config\Cache), false)
 9 FCPATH\index.php(55): CodeIgniter\CodeIgniter->run()
10 SYSTEMPATH\Commands\Server\rewrite.php(43): require_once('FCPATH\\index.php')
CRITICAL - 2022-08-06 08:29:11 --> Undefined variable: validation
in APPPATH\Views\login\index.php on line 53.
 1 APPPATH\Views\login\index.php(53): CodeIgniter\Debug\Exceptions->errorHandler(8, 'Undefined variable: validation', 'APPPATH\\Views\\login\\index.php', 53, [...])
 2 SYSTEMPATH\View\View.php(213): include('APPPATH\\Views\\login\\index.php')
 3 SYSTEMPATH\View\View.php(216): CodeIgniter\View\View->CodeIgniter\View\{closure}()
 4 SYSTEMPATH\Common.php(1135): CodeIgniter\View\View->render('login/index', [], true)
 5 APPPATH\Controllers\Login.php(15): view('login/index', [...])
 6 SYSTEMPATH\CodeIgniter.php(896): App\Controllers\Login->index()
 7 SYSTEMPATH\CodeIgniter.php(466): CodeIgniter\CodeIgniter->runController(Object(App\Controllers\Login))
 8 SYSTEMPATH\CodeIgniter.php(349): CodeIgniter\CodeIgniter->handleRequest(null, Object(Config\Cache), false)
 9 FCPATH\index.php(55): CodeIgniter\CodeIgniter->run()
10 SYSTEMPATH\Commands\Server\rewrite.php(43): require_once('FCPATH\\index.php')
